parsing a schema...
[WARNING] Simple type "Tpais" was not mapped to Enum due to EnumMemberSizeCap limit. Facets count: 273, current limit: 256. You can use customization attribute "typesafeEnumMaxMembers" to extend the limit.
  line 310 of file:/home/paulo.alves/git/NFeModel/schema/tiposBasico_v1.02.xsd

[WARNING] Simple type "TCfop" was not mapped to Enum due to EnumMemberSizeCap limit. Facets count: 544, current limit: 256. You can use customization attribute "typesafeEnumMaxMembers" to extend the limit.
  line 3873 of file:/home/paulo.alves/git/NFeModel/schema/leiauteNFe_v1.10.xsd

compiling a schema...
br/inf/portalfiscal/nfe/CabecMsg.java
br/inf/portalfiscal/nfe/ObjectFactory.java
br/inf/portalfiscal/nfe/TCancNFe.java
br/inf/portalfiscal/nfe/TConsCad.java
br/inf/portalfiscal/nfe/TConsReciNFe.java
br/inf/portalfiscal/nfe/TConsSitNFe.java
br/inf/portalfiscal/nfe/TConsStatServ.java
br/inf/portalfiscal/nfe/TEnderEmi.java
br/inf/portalfiscal/nfe/TEndereco.java
br/inf/portalfiscal/nfe/TEnviNFe.java
br/inf/portalfiscal/nfe/TInutNFe.java
br/inf/portalfiscal/nfe/TLocal.java
br/inf/portalfiscal/nfe/TNFe.java
br/inf/portalfiscal/nfe/TNfeProc.java
br/inf/portalfiscal/nfe/TProcCancNFe.java
br/inf/portalfiscal/nfe/TProcInutNFe.java
br/inf/portalfiscal/nfe/TProtNFe.java
br/inf/portalfiscal/nfe/TRetCancNFe.java
br/inf/portalfiscal/nfe/TRetConsCad.java
br/inf/portalfiscal/nfe/TRetConsReciNFe.java
br/inf/portalfiscal/nfe/TRetConsSitNFe.java
br/inf/portalfiscal/nfe/TRetConsStatServ.java
br/inf/portalfiscal/nfe/TRetEnviNFe.java
br/inf/portalfiscal/nfe/TRetInutNFe.java
br/inf/portalfiscal/nfe/TUf.java
br/inf/portalfiscal/nfe/TUfCons.java
br/inf/portalfiscal/nfe/TUfEmi.java
br/inf/portalfiscal/nfe/TVeiculo.java
br/inf/portalfiscal/nfe/package-info.java
org/w3/_2000/_09/xmldsig/KeyInfoType.java
org/w3/_2000/_09/xmldsig/ObjectFactory.java
org/w3/_2000/_09/xmldsig/ReferenceType.java
org/w3/_2000/_09/xmldsig/SignatureType.java
org/w3/_2000/_09/xmldsig/SignatureValueType.java
org/w3/_2000/_09/xmldsig/SignedInfoType.java
org/w3/_2000/_09/xmldsig/TransformType.java
org/w3/_2000/_09/xmldsig/TransformsType.java
org/w3/_2000/_09/xmldsig/X509DataType.java
org/w3/_2000/_09/xmldsig/package-info.java
